array(8) {
  ["ID"]=>
  string(5) "24559"
  ["IBLOCK_ID"]=>
  string(1) "2"
  ["PROPERTY_RATING_VALUE"]=>
  string(1) "1"
  ["PROPERTY_RATING_VALUE_ID"]=>
  string(5) "70136"
  ["PROPERTY_VOTE_SUM_VALUE"]=>
  string(1) "1"
  ["PROPERTY_VOTE_SUM_VALUE_ID"]=>
  string(5) "70135"
  ["PROPERTY_VOTE_COUNT_VALUE"]=>
  string(1) "1"
  ["PROPERTY_VOTE_COUNT_VALUE_ID"]=>
  string(5) "70102"
}


array(8) {
  ["ID"]=>
  string(5) "24559"
  ["IBLOCK_ID"]=>
  string(1) "2"
  ["PROPERTY_RATING_VALUE"]=>
  string(1) "1"
  ["PROPERTY_RATING_VALUE_ID"]=>
  string(5) "70136"
  ["PROPERTY_VOTE_SUM_VALUE"]=>
  string(1) "1"
  ["PROPERTY_VOTE_SUM_VALUE_ID"]=>
  string(5) "70135"
  ["PROPERTY_VOTE_COUNT_VALUE"]=>
  NULL
  ["PROPERTY_VOTE_COUNT_VALUE_ID"]=>
  NULL
}


array(8) {
  ["ID"]=>
  string(5) "24559"
  ["IBLOCK_ID"]=>
  string(1) "2"
  ["PROPERTY_RATING_VALUE"]=>
  string(1) "1"
  ["PROPERTY_RATING_VALUE_ID"]=>
  string(5) "70136"
  ["PROPERTY_VOTE_SUM_VALUE"]=>
  string(1) "1"
  ["PROPERTY_VOTE_SUM_VALUE_ID"]=>
  string(5) "70135"
  ["PROPERTY_VOTE_COUNT_VALUE"]=>
  NULL
  ["PROPERTY_VOTE_COUNT_VALUE_ID"]=>
  NULL
}


array(8) {
  ["ID"]=>
  string(5) "24559"
  ["IBLOCK_ID"]=>
  string(1) "2"
  ["PROPERTY_RATING_VALUE"]=>
  string(1) "1"
  ["PROPERTY_RATING_VALUE_ID"]=>
  string(5) "70136"
  ["PROPERTY_VOTE_SUM_VALUE"]=>
  string(1) "1"
  ["PROPERTY_VOTE_SUM_VALUE_ID"]=>
  string(5) "70135"
  ["PROPERTY_VOTE_COUNT_VALUE"]=>
  string(1) "1"
  ["PROPERTY_VOTE_COUNT_VALUE_ID"]=>
  string(5) "70143"
}


array(8) {
  ["ID"]=>
  string(5) "24559"
  ["IBLOCK_ID"]=>
  string(1) "2"
  ["PROPERTY_RATING_VALUE"]=>
  string(1) "1"
  ["PROPERTY_RATING_VALUE_ID"]=>
  string(5) "70136"
  ["PROPERTY_VOTE_SUM_VALUE"]=>
  string(1) "1"
  ["PROPERTY_VOTE_SUM_VALUE_ID"]=>
  string(5) "70135"
  ["PROPERTY_VOTE_COUNT_VALUE"]=>
  string(1) "1"
  ["PROPERTY_VOTE_COUNT_VALUE_ID"]=>
  string(5) "70143"
}


array(8) {
  ["ID"]=>
  string(5) "24559"
  ["IBLOCK_ID"]=>
  string(1) "2"
  ["PROPERTY_RATING_VALUE"]=>
  string(1) "1"
  ["PROPERTY_RATING_VALUE_ID"]=>
  string(5) "70136"
  ["PROPERTY_VOTE_SUM_VALUE"]=>
  string(1) "1"
  ["PROPERTY_VOTE_SUM_VALUE_ID"]=>
  string(5) "70135"
  ["PROPERTY_VOTE_COUNT_VALUE"]=>
  string(1) "1"
  ["PROPERTY_VOTE_COUNT_VALUE_ID"]=>
  string(5) "70143"
}


int(1)


int(0)


NULL


array(8) {
  ["ID"]=>
  string(5) "24559"
  ["IBLOCK_ID"]=>
  string(1) "2"
  ["PROPERTY_RATING_VALUE"]=>
  string(1) "1"
  ["PROPERTY_RATING_VALUE_ID"]=>
  string(5) "70136"
  ["PROPERTY_VOTE_SUM_VALUE"]=>
  string(1) "1"
  ["PROPERTY_VOTE_SUM_VALUE_ID"]=>
  string(5) "70135"
  ["PROPERTY_VOTE_COUNT_VALUE"]=>
  string(1) "1"
  ["PROPERTY_VOTE_COUNT_VALUE_ID"]=>
  string(5) "70152"
}


array(8) {
  ["ID"]=>
  string(5) "24559"
  ["IBLOCK_ID"]=>
  string(1) "2"
  ["PROPERTY_RATING_VALUE"]=>
  string(1) "1"
  ["PROPERTY_RATING_VALUE_ID"]=>
  string(5) "70136"
  ["PROPERTY_VOTE_SUM_VALUE"]=>
  string(1) "1"
  ["PROPERTY_VOTE_SUM_VALUE_ID"]=>
  string(5) "70135"
  ["PROPERTY_VOTE_COUNT_VALUE"]=>
  string(1) "1"
  ["PROPERTY_VOTE_COUNT_VALUE_ID"]=>
  string(5) "70152"
}


array(8) {
  ["ID"]=>
  string(5) "24559"
  ["IBLOCK_ID"]=>
  string(1) "2"
  ["PROPERTY_RATING_VALUE"]=>
  string(1) "1"
  ["PROPERTY_RATING_VALUE_ID"]=>
  string(5) "70136"
  ["PROPERTY_VOTE_SUM_VALUE"]=>
  string(1) "1"
  ["PROPERTY_VOTE_SUM_VALUE_ID"]=>
  string(5) "70135"
  ["PROPERTY_VOTE_COUNT_VALUE"]=>
  string(1) "2"
  ["PROPERTY_VOTE_COUNT_VALUE_ID"]=>
  string(5) "70157"
}


array(8) {
  ["ID"]=>
  string(5) "24559"
  ["IBLOCK_ID"]=>
  string(1) "2"
  ["PROPERTY_RATING_VALUE"]=>
  string(1) "1"
  ["PROPERTY_RATING_VALUE_ID"]=>
  string(5) "70136"
  ["PROPERTY_VOTE_SUM_VALUE"]=>
  string(1) "1"
  ["PROPERTY_VOTE_SUM_VALUE_ID"]=>
  string(5) "70135"
  ["PROPERTY_VOTE_COUNT_VALUE"]=>
  string(1) "3"
  ["PROPERTY_VOTE_COUNT_VALUE_ID"]=>
  string(5) "70159"
}


array(8) {
  ["ID"]=>
  string(5) "24559"
  ["IBLOCK_ID"]=>
  string(1) "2"
  ["PROPERTY_RATING_VALUE"]=>
  string(1) "1"
  ["PROPERTY_RATING_VALUE_ID"]=>
  string(5) "70136"
  ["PROPERTY_VOTE_SUM_VALUE"]=>
  string(1) "4"
  ["PROPERTY_VOTE_SUM_VALUE_ID"]=>
  string(5) "70171"
  ["PROPERTY_VOTE_COUNT_VALUE"]=>
  string(1) "4"
  ["PROPERTY_VOTE_COUNT_VALUE_ID"]=>
  string(5) "70170"
}


array(8) {
  ["ID"]=>
  string(5) "24559"
  ["IBLOCK_ID"]=>
  string(1) "2"
  ["PROPERTY_RATING_VALUE"]=>
  string(3) "1.8"
  ["PROPERTY_RATING_VALUE_ID"]=>
  string(5) "70173"
  ["PROPERTY_VOTE_SUM_VALUE"]=>
  string(1) "9"
  ["PROPERTY_VOTE_SUM_VALUE_ID"]=>
  string(5) "70175"
  ["PROPERTY_VOTE_COUNT_VALUE"]=>
  string(1) "5"
  ["PROPERTY_VOTE_COUNT_VALUE_ID"]=>
  string(5) "70174"
}


array(8) {
  ["ID"]=>
  string(5) "24559"
  ["IBLOCK_ID"]=>
  string(1) "2"
  ["PROPERTY_RATING_VALUE"]=>
  string(15) "2.3333333333333"
  ["PROPERTY_RATING_VALUE_ID"]=>
  string(5) "70177"
  ["PROPERTY_VOTE_SUM_VALUE"]=>
  string(2) "14"
  ["PROPERTY_VOTE_SUM_VALUE_ID"]=>
  string(5) "70179"
  ["PROPERTY_VOTE_COUNT_VALUE"]=>
  string(1) "6"
  ["PROPERTY_VOTE_COUNT_VALUE_ID"]=>
  string(5) "70178"
}


array(8) {
  ["ID"]=>
  string(5) "24559"
  ["IBLOCK_ID"]=>
  string(1) "2"
  ["PROPERTY_RATING_VALUE"]=>
  string(15) "2.7142857142857"
  ["PROPERTY_RATING_VALUE_ID"]=>
  string(5) "70181"
  ["PROPERTY_VOTE_SUM_VALUE"]=>
  string(2) "19"
  ["PROPERTY_VOTE_SUM_VALUE_ID"]=>
  string(5) "70183"
  ["PROPERTY_VOTE_COUNT_VALUE"]=>
  string(1) "7"
  ["PROPERTY_VOTE_COUNT_VALUE_ID"]=>
  string(5) "70182"
}


array(8) {
  ["ID"]=>
  string(5) "24559"
  ["IBLOCK_ID"]=>
  string(1) "2"
  ["PROPERTY_RATING_VALUE"]=>
  string(1) "3"
  ["PROPERTY_RATING_VALUE_ID"]=>
  string(5) "70185"
  ["PROPERTY_VOTE_SUM_VALUE"]=>
  string(2) "24"
  ["PROPERTY_VOTE_SUM_VALUE_ID"]=>
  string(5) "70187"
  ["PROPERTY_VOTE_COUNT_VALUE"]=>
  string(1) "8"
  ["PROPERTY_VOTE_COUNT_VALUE_ID"]=>
  string(5) "70186"
}


array(8) {
  ["ID"]=>
  string(5) "24559"
  ["IBLOCK_ID"]=>
  string(1) "2"
  ["PROPERTY_RATING_VALUE"]=>
  string(15) "3.2222222222222"
  ["PROPERTY_RATING_VALUE_ID"]=>
  string(5) "70189"
  ["PROPERTY_VOTE_SUM_VALUE"]=>
  string(2) "29"
  ["PROPERTY_VOTE_SUM_VALUE_ID"]=>
  string(5) "70191"
  ["PROPERTY_VOTE_COUNT_VALUE"]=>
  string(1) "9"
  ["PROPERTY_VOTE_COUNT_VALUE_ID"]=>
  string(5) "70190"
}


